# JRE version: OpenJDK Runtime Environment (21.0.5) (build 21.0.5+-12932927-b750.29)
# Java VM: OpenJDK 64-Bit Server VM (21.0.5+-12932927-b750.29, mixed mode, tiered, compressed oops, compressed class ptrs, g1 gc, windows-amd64)
GC Precious Log:
 CardTable entry size: 512
 Card Set container configuration: InlinePtr #cards 5 size 8 Array Of Cards #cards 12 size 40 Howl #buckets 4 coarsen threshold 1843 Howl Bitmap #cards 512 size 80 coarsen threshold 460 Card regions per heap region 1 cards per card region 2048
 CPUs: 2 total, 2 available
 Memory: 3918M
 Large Page Support: Disabled
 NUMA Support: Disabled
 Compressed Oops: Enabled (32-bit)
 Heap Region Size: 1M
 Heap Min Capacity: 8M
 Heap Initial Capacity: 62M
 Heap Max Capacity: 2G
 Pre-touch: Disabled
 Parallel Workers: 2
 Concurrent Workers: 1
 Concurrent Refinement Workers: 2
 Periodic GC: Disabled
Heap:
 garbage-first heap   total 68608K, used 57156K [0x0000000080000000, 0x0000000100000000)
  region size 1024K, 21 young (21504K), 2 survivors (2048K)
 Metaspace       used 55092K, committed 56576K, reserved 1114112K
  class space    used 7429K, committed 8128K, reserved 1048576K
GC Heap History (20 events):
Event: 55.037 GC heap before
{Heap before GC invocations=7 (full 0):
 garbage-first heap   total 63488K, used 48163K [0x0000000080000000, 0x0000000100000000)
  region size 1024K, 31 young (31744K), 4 survivors (4096K)
 Metaspace       used 26347K, committed 26880K, reserved 1114112K
  class space    used 3215K, committed 3456K, reserved 1048576K
}
Event: 55.070 GC heap after
{Heap after GC invocations=8 (full 0):
 garbage-first heap   total 63488K, used 23012K [0x0000000080000000, 0x0000000100000000)
  region size 1024K, 2 young (2048K), 2 survivors (2048K)
 Metaspace       used 26347K, committed 26880K, reserved 1114112K
  class space    used 3215K, committed 3456K, reserved 1048576K
}
Event: 59.764 GC heap before
{Heap before GC invocations=8 (full 0):
 garbage-first heap   total 63488K, used 49636K [0x0000000080000000, 0x0000000100000000)
  region size 1024K, 29 young (29696K), 2 survivors (2048K)
 Metaspace       used 30083K, committed 30720K, reserved 1114112K
  class space    used 3871K, committed 4160K, reserved 1048576K
}
Event: 59.788 GC heap after
{Heap after GC invocations=9 (full 0):
 garbage-first heap   total 63488K, used 24712K [0x0000000080000000, 0x0000000100000000)
  region size 1024K, 4 young (4096K), 4 survivors (4096K)
 Metaspace       used 30083K, committed 30720K, reserved 1114112K
  class space    used 3871K, committed 4160K, reserved 1048576K
}
Event: 64.265 GC heap before
{Heap before GC invocations=9 (full 0):
 garbage-first heap   total 63488K, used 51336K [0x0000000080000000, 0x0000000100000000)
  region size 1024K, 31 young (31744K), 4 survivors (4096K)
 Metaspace       used 34208K, committed 35008K, reserved 1114112K
  class space    used 4525K, committed 4928K, reserved 1048576K
}
Event: 64.300 GC heap after
{Heap after GC invocations=10 (full 0):
 garbage-first heap   total 63488K, used 26678K [0x0000000080000000, 0x0000000100000000)
  region size 1024K, 4 young (4096K), 4 survivors (4096K)
 Metaspace       used 34208K, committed 35008K, reserved 1114112K
  class space    used 4525K, committed 4928K, reserved 1048576K
}
Event: 65.147 GC heap before
{Heap before GC invocations=10 (full 0):
 garbage-first heap   total 63488K, used 33846K [0x0000000080000000, 0x0000000100000000)
  region size 1024K, 12 young (12288K), 4 survivors (4096K)
 Metaspace       used 35082K, committed 35968K, reserved 1114112K
  class space    used 4674K, committed 5120K, reserved 1048576K
}
Event: 65.174 GC heap after
{Heap after GC invocations=11 (full 0):
 garbage-first heap   total 63488K, used 26957K [0x0000000080000000, 0x0000000100000000)
  region size 1024K, 3 young (3072K), 3 survivors (3072K)
 Metaspace       used 35082K, committed 35968K, reserved 1114112K
  class space    used 4674K, committed 5120K, reserved 1048576K
}
Event: 68.677 GC heap before
{Heap before GC invocations=12 (full 0):
 garbage-first heap   total 63488K, used 54605K [0x0000000080000000, 0x0000000100000000)
  region size 1024K, 30 young (30720K), 3 survivors (3072K)
 Metaspace       used 38490K, committed 39616K, reserved 1114112K
  class space    used 5262K, committed 5824K, reserved 1048576K
}
Event: 68.707 GC heap after
{Heap after GC invocations=13 (full 0):
 garbage-first heap   total 63488K, used 28467K [0x0000000080000000, 0x0000000100000000)
  region size 1024K, 2 young (2048K), 2 survivors (2048K)
 Metaspace       used 38490K, committed 39616K, reserved 1114112K
  class space    used 5262K, committed 5824K, reserved 1048576K
}
Event: 73.101 GC heap before
{Heap before GC invocations=13 (full 0):
 garbage-first heap   total 63488K, used 55091K [0x0000000080000000, 0x0000000100000000)
  region size 1024K, 29 young (29696K), 2 survivors (2048K)
 Metaspace       used 45069K, committed 46272K, reserved 1114112K
  class space    used 5991K, committed 6592K, reserved 1048576K
}
Event: 73.172 GC heap after
{Heap after GC invocations=14 (full 0):
 garbage-first heap   total 63488K, used 30702K [0x0000000080000000, 0x0000000100000000)
  region size 1024K, 4 young (4096K), 4 survivors (4096K)
 Metaspace       used 45069K, committed 46272K, reserved 1114112K
  class space    used 5991K, committed 6592K, reserved 1048576K
}
Event: 76.941 GC heap before
{Heap before GC invocations=14 (full 0):
 garbage-first heap   total 63488K, used 55278K [0x0000000080000000, 0x0000000100000000)
  region size 1024K, 28 young (28672K), 4 survivors (4096K)
 Metaspace       used 46143K, committed 47296K, reserved 1114112K
  class space    used 6113K, committed 6656K, reserved 1048576K
}
Event: 76.996 GC heap after
{Heap after GC invocations=15 (full 0):
 garbage-first heap   total 63488K, used 33594K [0x0000000080000000, 0x0000000100000000)
  region size 1024K, 3 young (3072K), 3 survivors (3072K)
 Metaspace       used 46143K, committed 47296K, reserved 1114112K
  class space    used 6113K, committed 6656K, reserved 1048576K
}
Event: 80.560 GC heap before
{Heap before GC invocations=15 (full 0):
 garbage-first heap   total 63488K, used 45882K [0x0000000080000000, 0x0000000100000000)
  region size 1024K, 17 young (17408K), 3 survivors (3072K)
 Metaspace       used 47731K, committed 48960K, reserved 1114112K
  class space    used 6379K, committed 6976K, reserved 1048576K
}
Event: 80.582 GC heap after
{Heap after GC invocations=16 (full 0):
 garbage-first heap   total 63488K, used 35619K [0x0000000080000000, 0x0000000100000000)
  region size 1024K, 2 young (2048K), 2 survivors (2048K)
 Metaspace       used 47731K, committed 48960K, reserved 1114112K
  class space    used 6379K, committed 6976K, reserved 1048576K
}
Event: 84.285 GC heap before
{Heap before GC invocations=17 (full 0):
 garbage-first heap   total 68608K, used 62243K [0x0000000080000000, 0x0000000100000000)
  region size 1024K, 23 young (23552K), 2 survivors (2048K)
 Metaspace       used 49513K, committed 50880K, reserved 1114112K
  class space    used 6594K, committed 7296K, reserved 1048576K
}
Event: 84.313 GC heap after
{Heap after GC invocations=18 (full 0):
 garbage-first heap   total 68608K, used 37864K [0x0000000080000000, 0x0000000100000000)
  region size 1024K, 3 young (3072K), 3 survivors (3072K)
 Metaspace       used 49513K, committed 50880K, reserved 1114112K
  class space    used 6594K, committed 7296K, reserved 1048576K
}
Event: 87.742 GC heap before
{Heap before GC invocations=18 (full 0):
 garbage-first heap   total 68608K, used 60392K [0x0000000080000000, 0x0000000100000000)
  region size 1024K, 25 young (25600K), 3 survivors (3072K)
 Metaspace       used 52241K, committed 53760K, reserved 1114112K
  class space    used 6998K, committed 7744K, reserved 1048576K
}
Event: 87.777 GC heap after
{Heap after GC invocations=19 (full 0):
 garbage-first heap   total 68608K, used 38724K [0x0000000080000000, 0x0000000100000000)
  region size 1024K, 2 young (2048K), 2 survivors (2048K)
 Metaspace       used 52241K, committed 53760K, reserved 1114112K
  class space    used 6998K, committed 7744K, reserved 1048576K
}

